0 info it worked if it ends with ok
1 verbose cli [ 'node', '/usr/local/bin/npm', 'install', '-g', 'firebase-tools' ]
2 info using npm@1.4.10
3 info using node@v0.10.28
4 verbose node symlink /usr/local/bin/node
5 verbose cache add [ 'firebase-tools', null ]
6 verbose cache add name=undefined spec="firebase-tools" args=["firebase-tools",null]
7 verbose parsed url { protocol: null,
7 verbose parsed url   slashes: null,
7 verbose parsed url   auth: null,
7 verbose parsed url   host: null,
7 verbose parsed url   port: null,
7 verbose parsed url   hostname: null,
7 verbose parsed url   hash: null,
7 verbose parsed url   search: null,
7 verbose parsed url   query: null,
7 verbose parsed url   pathname: 'firebase-tools',
7 verbose parsed url   path: 'firebase-tools',
7 verbose parsed url   href: 'firebase-tools' }
8 silly lockFile 3fa4b23e-firebase-tools firebase-tools
9 verbose lock firebase-tools /Users/frangucc/.npm/3fa4b23e-firebase-tools.lock
10 silly lockFile 3fa4b23e-firebase-tools firebase-tools
11 silly lockFile 3fa4b23e-firebase-tools firebase-tools
12 verbose addNamed [ 'firebase-tools', '' ]
13 verbose addNamed [ null, '*' ]
14 silly lockFile 59c4bcc4-firebase-tools firebase-tools@
15 verbose lock firebase-tools@ /Users/frangucc/.npm/59c4bcc4-firebase-tools.lock
16 silly addNameRange { name: 'firebase-tools', range: '*', hasData: false }
17 verbose url raw firebase-tools
18 verbose url resolving [ 'https://registry.npmjs.org/', './firebase-tools' ]
19 verbose url resolved https://registry.npmjs.org/firebase-tools
20 info trying registry request attempt 1 at 15:39:45
21 verbose etag "7XZ7TFM951EZ1460AOBRRAQAI"
22 http GET https://registry.npmjs.org/firebase-tools
23 http 304 https://registry.npmjs.org/firebase-tools
24 silly registry.get cb [ 304,
24 silly registry.get   { date: 'Thu, 19 Jun 2014 20:35:58 GMT',
24 silly registry.get     server: 'Apache',
24 silly registry.get     via: '1.1 varnish',
24 silly registry.get     'last-modified': 'Thu, 19 Jun 2014 20:35:58 GMT',
24 silly registry.get     'cache-control': 'max-age=30',
24 silly registry.get     etag: '"7XZ7TFM951EZ1460AOBRRAQAI"',
24 silly registry.get     'x-served-by': 'cache-ord1734-ORD',
24 silly registry.get     'x-cache': 'MISS',
24 silly registry.get     'x-cache-hits': '0',
24 silly registry.get     'x-timer': 'S1403210158.653254,VS0,VE30',
24 silly registry.get     vary: 'Accept',
24 silly registry.get     'content-length': '0',
24 silly registry.get     'keep-alive': 'timeout=10, max=50',
24 silly registry.get     connection: 'Keep-Alive' } ]
25 verbose etag firebase-tools from cache
26 silly addNameRange number 2 { name: 'firebase-tools', range: '*', hasData: true }
27 silly addNameRange versions [ 'firebase-tools',
27 silly addNameRange   [ '0.0.1',
27 silly addNameRange     '0.0.2',
27 silly addNameRange     '0.0.3',
27 silly addNameRange     '0.0.4',
27 silly addNameRange     '0.0.5',
27 silly addNameRange     '0.0.6',
27 silly addNameRange     '0.1.0',
27 silly addNameRange     '0.1.1',
27 silly addNameRange     '0.1.2',
27 silly addNameRange     '0.1.3',
27 silly addNameRange     '0.1.4',
27 silly addNameRange     '0.1.5',
27 silly addNameRange     '0.1.6',
27 silly addNameRange     '0.2.0',
27 silly addNameRange     '0.3.0',
27 silly addNameRange     '0.4.0',
27 silly addNameRange     '0.5.0',
27 silly addNameRange     '1.0.0',
27 silly addNameRange     '1.0.1',
27 silly addNameRange     '1.0.2',
27 silly addNameRange     '1.0.3',
27 silly addNameRange     '1.0.4',
27 silly addNameRange     '1.0.5',
27 silly addNameRange     '1.0.6' ] ]
28 verbose addNamed [ 'firebase-tools', '1.0.6' ]
29 verbose addNamed [ '1.0.6', '1.0.6' ]
30 silly lockFile e2ccf2ad-firebase-tools-1-0-6 firebase-tools@1.0.6
31 verbose lock firebase-tools@1.0.6 /Users/frangucc/.npm/e2ccf2ad-firebase-tools-1-0-6.lock
32 silly lockFile e2ccf2ad-firebase-tools-1-0-6 firebase-tools@1.0.6
33 silly lockFile e2ccf2ad-firebase-tools-1-0-6 firebase-tools@1.0.6
34 silly lockFile 59c4bcc4-firebase-tools firebase-tools@
35 silly lockFile 59c4bcc4-firebase-tools firebase-tools@
36 silly resolved [ { name: 'firebase-tools',
36 silly resolved     preferGlobal: true,
36 silly resolved     version: '1.0.6',
36 silly resolved     description: 'The Firebase Command Line Tools',
36 silly resolved     keywords: [ 'firebase' ],
36 silly resolved     author: { name: 'Firebase', email: 'support@firebase.com' },
36 silly resolved     contributors: [ [Object], [Object], [Object] ],
36 silly resolved     repository:
36 silly resolved      { type: 'git',
36 silly resolved        url: 'https://github.com/firebase/firebase-tools.git' },
36 silly resolved     homepage: 'https://github.com/firebase/firebase-tools',
36 silly resolved     dependencies:
36 silly resolved      { optimist: '0.6.x',
36 silly resolved        prompt: '0.2.x',
36 silly resolved        tar: '0.1.x',
36 silly resolved        open: '0.0.x',
36 silly resolved        request: '2.34.x',
36 silly resolved        'fstream-ignore': '0.0.x',
36 silly resolved        temp: '0.6.x',
36 silly resolved        firebase: '~1.0.11',
36 silly resolved        progress: '~1.1.5',
36 silly resolved        when: '3.1.0',
36 silly resolved        chalk: '~0.4.0' },
36 silly resolved     bin: { firebase: './bin/firebase' },
36 silly resolved     engines: { node: '>=0.10.0' },
36 silly resolved     engineStrict: true,
36 silly resolved     readme: 'firebase-tools\n============\n\nThese are the Firebase Command Line Tools. They can be used to: \n* Administer your Firebase account\n* Interact with [Firebase Hosting](https://www.firebase.com/hosting.html), our product to host your HTML, JS, images, etc.\n\nFor a quick start guide, see https://www.firebase.com/docs/hosting.html\n\n\n## Installation\nTo install, first you\'ll need to [sign up](https://www.firebase.com/signup/) for\na Firebase account and have installed [Node.js](http://nodejs.org/) and\n[npm](https://npmjs.org/). Then run\n```shell\nnpm install -g firebase-tools\n```\nThis will install the globally accessible command `firebase`\n## Commands\nThe command `firebase --help` lists the available commands and\n`firebase <command> --help` shows more details.\n\n```shell\nUsage: firebase <command>\n\n  Available commands are:\n\n  bootstrap\n    Creates a new Firebase powered app from a prebuilt template to quickly\n    get a project up and running. This creates a new folder and prompts\n    you through all the required settings.\n\n  deploy\n    Deploys the current app to Firebase Hosting and creates your subdomain on\n    firebaseapp.com if it doesn\'t exist already.\n\n  init\n    Initializes an existing Firebase app in the current directory and prompts\n    you through configuring it for firebaseapp.com.\n\n  open\n    Opens the URL of the current Firebase app in a browser.\n\n  list\n    Lists the Firebases available to the currently logged in user.\n    \n  delete-site\n    Deletes the current app from Firebase Hosting and displays a\n    \'Site not Found\' page as if the site had never been deployed to.\n\n  login\n    Logs the user into Firebase. All commands that require login will prompt\n    you if you\'re not currently logged in.\n\n  logout\n    Logs the user out of Firebase.\n\n  -h, --help\n    Shows this help screen. Use `firebase <command> --help` for more\n    detailed help instructions.\n\n  -v, --version\n    Displays the current version.\n\n  -s, --silent\n    Silent mode for scripting - commands will error with non-zero status code\n    instead of waiting for prompt if not enough information supplied.\n```\n\n## Credit\nInspired by [Luke Vivier](https://github.com/lvivier)\'s Firebase command line tools.\n\nLicense\n-------\n[MIT](http://firebase.mit-license.org)\n',
36 silly resolved     readmeFilename: 'README.md',
36 silly resolved     bugs: { url: 'https://github.com/firebase/firebase-tools/issues' },
36 silly resolved     _id: 'firebase-tools@1.0.6',
36 silly resolved     _shasum: '5e12bea97bbbb40f2dfeb01a586d6b80654d4ec2',
36 silly resolved     _from: 'firebase-tools@',
36 silly resolved     _resolved: 'https://registry.npmjs.org/firebase-tools/-/firebase-tools-1.0.6.tgz' } ]
37 info install firebase-tools@1.0.6 into /Users/frangucc/npm/lib
38 info installOne firebase-tools@1.0.6
39 info /Users/frangucc/npm/lib/node_modules/firebase-tools unbuild
40 info preuninstall firebase-tools@1.0.6
41 info uninstall firebase-tools@1.0.6
42 verbose true,/Users/frangucc/npm/lib/node_modules,/Users/frangucc/npm/lib/node_modules unbuild firebase-tools@1.0.6
43 verbose /Users/frangucc/npm/bin,[object Object] binRoot
44 info /Users/frangucc/npm/lib/node_modules/firebase-tools unbuild
45 info preuninstall firebase-tools@1.0.6
46 info uninstall firebase-tools@1.0.6
47 verbose true,/Users/frangucc/npm/lib/node_modules,/Users/frangucc/npm/lib/node_modules unbuild firebase-tools@1.0.6
48 verbose /Users/frangucc/npm/bin,[object Object] binRoot
49 error error rolling back Error: EACCES, unlink '/Users/frangucc/npm/bin/firebase'
49 error error rolling back  firebase-tools@1.0.6 { [Error: EACCES, unlink '/Users/frangucc/npm/bin/firebase']
49 error error rolling back   errno: 3,
49 error error rolling back   code: 'EACCES',
49 error error rolling back   path: '/Users/frangucc/npm/bin/firebase' }
50 error Error: EACCES, unlink '/Users/frangucc/npm/bin/firebase'
50 error  { [Error: EACCES, unlink '/Users/frangucc/npm/bin/firebase']
50 error   errno: 3,
50 error   code: 'EACCES',
50 error   path: '/Users/frangucc/npm/bin/firebase' }
51 error Please try running this command again as root/Administrator.
52 error System Darwin 13.1.0
53 error command "node" "/usr/local/bin/npm" "install" "-g" "firebase-tools"
54 error cwd /Users/frangucc/Desktop/gamify
55 error node -v v0.10.28
56 error npm -v 1.4.10
57 error path /Users/frangucc/npm/bin/firebase
58 error code EACCES
59 error errno 3
60 error stack Error: EACCES, unlink '/Users/frangucc/npm/bin/firebase'
61 verbose exit [ 3, true ]
